 awk '{ print $3 }' 226AlarmDefinitions.out | awk -F\( '{ print $1 }'
 awk '{ print $3 }' 226AlarmDefinitions.out
 awk '{ print $4 }' 226AlarmDefinitions.out | awk -F\( '{ print $1 }'
 awk '{ print $4 }' 226AlarmDefinitions.out | awk -F\( '{ print $2 }'
 awk '{ print $4 }' 226AlarmDefinitions.out
 awk '{ print $5 }' 226AlarmDefinitions.out
 awk '{ print $6 }' 226AlarmDefinitions.out
 awk '{ print $7 }' 226AlarmDefinitions.out
 awk '{ print $8 }' 226AlarmDefinitions.out
 awk '{ print $9 }' 226AlarmDefinitions.out
 awk -F\( '{ print $2 }' 226AlarmDefinitions.out | awk '{ print $5 }'
 awk -F\( '{ print $2 }' 226AlarmDefinitions.out
cat 226AlarmDefinitions.out | awk '{ print $3 }'
cat 226AlarmDefinitions.out | awk '{ print $4 }' | awk -F\( '{ print $1 ]'
cat 226AlarmDefinitions.out | awk '{ print $4 }' | awk -F\( '{ print $1 }'
cat 226AlarmDefinitions.out | awk '{ print $4 }'
cat 226AlarmDefinitions.out | awk { print f3 }
cat 226AlarmDefinitions.out | awk -F \t
cat 226AlarmDefinitions.out | awk -F\t '{ print $3 }
cat 226AlarmDefinitions.out | awk -F\t '{ print $3 }'
cat 226AlarmDefinitions.out | awk -F\t '{ print }'
cat 226AlarmDefinitions.out | awk print f3
cat 226AlarmDefinitions.out | awk
cat 226AlarmDefinitions.out | cut -d"\t" f3
cat 226AlarmDefinitions.out
cygrunsrv -E syslog-ng
cygrunsrv --help
cygrunsrv -S syslog-ng
for i in `awk '{ print $4 }' 226AlarmDefinitions.out | awk -F\( '{ print $1 }'`; do grep -rn $i svn/sgss/branches/2.2.0/*; done
for i in `cat ~/alarmdef_properties.out`; do grep -n $i sgsscfg.wv.xml ; done
for i in `grep ^AlarmDefinition * | awk -F\& '{ print $2 }' | awk -F, '{ print $1 }' | sort -u | awk -F\) '{ print $1 }'`; do grep -rn $i * | grep \:AssetProperty; done | awk -F\" '{ print $2 }' > ~/alarmdef_properties.out
for i in `grep ^AlarmDefinition * | awk -F\& '{ print $2 }' | awk -F, '{ print $1 }' | sort -u | awk -F\) '{ print $1 }'`; do grep -rn $i * | grep \:AssetProperty; done | awk -F\" '{ print $2 }'
for i in `grep ^AlarmDefinition * | awk -F\& '{ print $2 }' | awk -F, '{ print $1 }' | sort -u | awk -F\) '{ print $1 }'`; do grep -rn $i * | grep \:AssetProperty; done
for i in `grep ^AlarmDefinition * | awk -F\& '{ print $2 }' | awk -F, '{ print $1 }' | sort -u | awk -F\) '{ print $1 }'`; do grep -rn $i * | grep ^AssetProperty; done
for i in `grep ^AlarmDefinition * | awk -F\& '{ print $2 }' | awk -F, '{ print $1 }' | sort -u | awk -F\) '{ print $1 }'`; do grep -rn $i * | grep AssetProperty; done
for i in `grep ^AlarmDefinition * | awk -F\& '{ print $2 }' | awk -F, '{ print $1 }' | sort -u | awk -F\) '{ print $1 }'`; do grep -rn $i * | grep -v AlarmDefinition; done
for i in `grep ^AlarmDefinition * | awk -F\& '{ print $2 }' | awk -F, '{ print $1 }' | sort -u | awk -F\) '{ print $1 }'`; do grep -rn $i *; done
for i in `grep ^AlarmDefinition * | awk -F\& '{ print $2 }' | awk -F, '{ print $1 }' | sort -u | awk -F\) '{ print $1 }'`; do grep -rn *Property*$i *; done
grep \<asset\ id ../config/sgsscfg.auwahi.xml | tr -d '	' | awk '{print $2, $4, $5, $6}' | sed 's/model\"=//'
grep \<asset\ id ../config/sgsscfg.auwahi.xml | tr -d '	' | awk '{print $2, $4, $5, $6}' | sed 's/model="*"//'
grep \<asset\ id ../config/sgsscfg.auwahi.xml | tr -d '	' | awk '{print $2, $4, $5, $6}' | sed 's/model="[abcdefghijklmnopqrstuvwxyz]*"//'
grep \<asset\ id ../config/sgsscfg.auwahi.xml | tr -d '	' | awk '{print $2, $4, $5, $6}' | sed 's/model="[abcdefghijklmnopqrstuvwxyz]*//'
grep \<asset\ id ../config/sgsscfg.auwahi.xml | tr -d '	' | awk '{print $2, $4, $5, $6}' | sed 's/model="[abcdefghijklmnopqrstuvwxyz]//'
grep \<asset\ id ../config/sgsscfg.auwahi.xml | tr -d '	' | awk '{print $2, $4, $5, $6}' | sed 's/model="[a-z _ 0-9]*"//'
grep \<asset\ id ../config/sgsscfg.auwahi.xml | tr -d '	' | awk '{print $2, $4, $5, $6}' | sed 's/model="[a-z _ 0-9]*"//' | grep model
grep \<asset\ id ../config/sgsscfg.auwahi.xml | tr -d '	' | awk '{print $2, $4, $5, $6}' | sed 's/model="[a-z _ 0-9]*"//' | sed -i 's/nameplate[a-z]*="[0-9]*"//' | sed 's/\/>//'
grep \<asset\ id ../config/sgsscfg.auwahi.xml | tr -d '	' | awk '{print $2, $4, $5, $6}' | sed 's/model="[a-z _ 0-9]*"//' | sed -i 's/nameplate[a-z]*="[0-9]*"//'| sed 's/\/>//' | awk '{print $1, $2, $3}'
grep \<asset\ id ../config/sgsscfg.auwahi.xml | tr -d '	' | awk '{print $2, $4, $5, $6}' | sed 's/model="[a-z _ 0-9]*"//' | sed 's/\/>//'
grep \<asset\ id ../config/sgsscfg.auwahi.xml | tr -d '	' | awk '{print $2, $4, $5, $6}' | sed 's/model="[a-z _ 0-9]*"//' | sed 's/\/>//' | awk '{print $1, $2, $3}'
grep \<asset\ id ../config/sgsscfg.auwahi.xml | tr -d '	' | awk '{print $2, $4, $5, $6}' | sed 's/model="[a-z _ 0-9]*"//' | sed 's/\/>//' | awk '{print $1, $2, $3}' | grep -v label
grep \<asset\ id ../config/sgsscfg.auwahi.xml | tr -d '	' | awk '{print $2, $4, $5, $6}' | sed 's/model="[a-z _ 0-9]*"//' | sed 's/nameplate[a-z]*="[0-9]*"//' | sed 's/modeid="[0-9]*"//' | sed 's/\/>//'
grep \<asset\ id ../config/sgsscfg.auwahi.xml | tr -d '	' | awk '{print $2, $4, $5, $6}' | sed 's/model="[a-z _ 0-9]*"//' | sed 's/nameplate[a-z]*="[0-9]*"//' | sed 's/modeid="[0-9]*"//' | sed 's/\/>//' | awk '{print $1, $2, $3}'
grep \<asset\ id ../config/sgsscfg.auwahi.xml | tr -d '	' | awk '{print $2, $4, $5, $6}' | sed 's/model="[a-z _ 0-9]*"//' | sed 's/nameplate[a-z]*="[0-9]*"//' | sed 's/modeid="[0-9]*"//' | sed 's/\/>//' | awk '{print $1, $2, $3}' | egrep (id, type, label)
grep \<asset\ id ../config/sgsscfg.auwahi.xml | tr -d '	' | awk '{print $2, $4, $5, $6}' | sed 's/model="[a-z _ 0-9]*"//' | sed 's/nameplate[a-z]*="[0-9]*"//' | sed 's/modeid="[0-9]*"//' | sed 's/\/>//' | awk '{print $1, $2, $3}' | egrep [id type label]
grep \<asset\ id ../config/sgsscfg.auwahi.xml | tr -d '	' | awk '{print $2, $4, $5, $6}' | sed 's/model="[a-z _ 0-9]*"//' | sed 's/nameplate[a-z]*="[0-9]*"//' | sed 's/modeid="[0-9]*"//' | sed 's/\/>//' | awk '{print $1, $2, $3}' | egrep id
grep \<asset\ id ../config/sgsscfg.auwahi.xml | tr -d '	' | awk '{print $2, $4, $5, $6}' | sed 's/model="[a-z _ 0-9]*"//' | sed 's/nameplate[a-z]*="[0-9]*"//' | sed 's/modeid="[0-9]*"//' | sed 's/\/>//' | awk '{print $1, $2, $3}' | egrep id, type, label
grep \<asset\ id ../config/sgsscfg.auwahi.xml | tr -d '	' | awk '{print $2, $4, $5, $6}' | sed 's/model="[a-z _ 0-9]*"//' | sed 's/nameplate[a-z]*="[0-9]*"//' | sed 's/modeid="[0-9]*"//' | sed 's/\/>//' | awk '{print $1, $2, $3}' | grep -v label
grep \<asset\ id ../config/sgsscfg.auwahi.xml | tr -d '	' | awk '{print $2, $4, $5, $6}' | sed 's/model="[a-z _ 0-9]*"//' | sed 's/nameplate[a-z]*="[0-9]*"//' | sed 's/modeid="[0-9]*"//' | sed 's/\/>//' | sed 's/>//' | awk '{print $1 "\t" $2 "\t" $3}' | tr -d \"
grep \<asset\ id ../config/sgsscfg.auwahi.xml | tr -d '	' | awk '{print $2, $4, $5, $6}' | sed 's/model="[a-z _ 0-9]*"//' | sed 's/nameplate[a-z]*="[0-9]*"//' | sed 's/modeid="[0-9]*"//' | sed 's/\/>//' | sed 's/>//' | awk '{print $1 "\t" $2 "\t" $3}' | tr -d \" | sed 's/"id|type|label"//'
grep \<asset\ id ../config/sgsscfg.auwahi.xml | tr -d '	' | awk '{print $2, $4, $5, $6}' | sed 's/model="[a-z _ 0-9]*"//' | sed 's/nameplate[a-z]*="[0-9]*"//' | sed 's/modeid="[0-9]*"//' | sed 's/\/>//' | sed 's/>//' | awk '{print $1 "\t" $2 "\t" $3}' | tr -d \" | sed 's/[a-z]*=//g'
grep \<asset\ id ../config/sgsscfg.auwahi.xml | tr -d '	' | awk '{print $2, $4, $5, $6}' | sed 's/model="[a-z _ 0-9]*"//' | sed 's/nameplate[a-z]*="[0-9]*"//' | sed 's/modeid="[0-9]*"//' | sed 's/\/>//' | sed 's/>//' | awk '{print $1 "\t" $2 "\t" $3}' | tr -d \" | sed 's/[a-z]*=//g' > AssetIds.out 
grep \<asset\ id ../config/sgsscfg.auwahi.xml | tr -d '	' | awk '{print $2, $4, $5, $6}' | sed 's/model="[a-z _ 0-9]*"//' | sed 's/nameplate[a-z]*="[0-9]*"//' | sed 's/modeid="[0-9]*"//' | sed 's/\/>//' | sed 's/>//' | awk '{print $1 "\t" $2 "\t" $3}' | tr -d \" | sed 's/\'id|type|label\'//'
grep \<asset\ id ../config/sgsscfg.auwahi.xml | tr -d '	' | awk '{print $2, $4, $5, $6}' | sed 's/model="[a-z _ 0-9]*"//' | sed 's/nameplate[a-z]*="[0-9]*"//' | sed 's/modeid="[0-9]*"//' | sed 's/\/>//' | sed 's/>//' | awk '{print $1 "\t" $2 "\t" $3}' | tr -d \" | sed 's/=/\t/g'
grep \<asset\ id ../config/sgsscfg.auwahi.xml | tr -d '	' | awk '{print $2, $4, $5, $6}' | sed 's/model="[a-z _ 0-9]*"//' | sed 's/nameplate[a-z]*="[0-9]*"//' | sed 's/modeid="[0-9]*"//' | sed 's/\/>//' | sed 's/>//' | awk '{print $1, $2, $3}'
grep \<asset\ id ../config/sgsscfg.auwahi.xml | tr -d '	' | awk '{print $2, $4, $5, $6}' | sed 's/model="[a-z _ 0-9]*"//' | sed 's/nameplate[a-z]*="[0-9]*"//' | sed 's/modeid="[0-9]*"//' | sed 's/\/>//' | sed 's/>//' | awk '{print $1, $2, $3}' | egrep 'id|type|label'
grep \<asset\ id ../config/sgsscfg.auwahi.xml | tr -d '	' | awk '{print $2, $4, $5, $6}' | sed 's/model="[a-z _ 0-9]*"//' | sed 's/nameplate[a-z]*="[0-9]*"//' | sed 's/modeid="[0-9]*"//' | sed 's/\/>//' | sed 's/>//' | awk '{print $1, $3, $2}' | egrep 'id|type|label'
grep \<asset\ id ../config/sgsscfg.auwahi.xml | tr -d '	' | awk '{print $2, $4, $5, $6}' | sed 's/model="[a-z _ 0-9]*"//' | sed 's/nameplate[a-z]*="[0-9]*"//' | sed 's/modeid="[0-9]*"//' | sed 's/\/>//' | sed 's/>//' | awk '{print $1, $3, $2}' | egrep 'id|type|label' | tr -d \"
grep \<asset\ id ../config/sgsscfg.auwahi.xml | tr -d '	' | awk '{print $2, $4, $5, $6}' | sed 's/model="[a-z _ 0-9]*"//' | sed 's/nameplate[a-z]*="[0-9]*"//' | sed 's/modeid="[0-9]*"//' | sed 's/\/>//' | sed 's/>//' | awk '{print $1, $3, $2}' | tr -d \"
grep \<asset\ id ../config/sgsscfg.auwahi.xml | tr -d '	' | awk '{print $2, $4, $5, $6}' | sed 's/model="[a-z _ 0-9]*"//' | sed 's/nameplate[a-z]*="[0-9]*"//' | sed 's/modeid="[0-9]*"//' | sed 's/\/>//' | sed 's/>//' | awk '{print $1, $3, $2}' | tr -d \" | sed 's/=/\t/g'
grep \<asset\ id ../config/sgsscfg.auwahi.xml | tr -d '	' | awk '{print $2, $4, $5, $6}' | sed 's/model="[a-z _ 0-9]*"//' | sed 's/nameplate[a-z]*="[0-9]*"//' | sed 's/modeid="[0-9]*"//' | sed 's/\/>//' | sed 's/>//' awk '{print $1, $2, $3}'
grep \<asset\ id ../config/sgsscfg.auwahi.xml | tr -d '	' | awk '{print $2, $4, $5, $6}' | sed 's/model="[a-z _ 0-9]*"//' | sed 's/nameplate[a-z]*="[0-9]*"//' | sed 's/modeid="[0-9]*"//' | sed 's/\/>//' kk
grep \<asset\ id ../config/sgsscfg.auwahi.xml | tr -d '	' | awk '{print $2, $4, $5, $6}' | sed 's/model="[a-z _ 0-9]*"//' | sed 's/nameplate[a-z]*="[0-9]*"//' sed 's/modeid="[0-9]*"//' | sed 's/\/>//' | awk '{print $1, $2, $3}' | grep -v label
grep \<asset\ id ../config/sgsscfg.auwahi.xml | tr -d '	' | awk '{print $2, $4, $5, $6}' | sed 's/model="[a-z _ 0-9]*"//' | sed 's/nameplate[a-z]*="[0-9]*"//' sed 's/modeid='[0-9]*"//' | sed 's/\/>//' | awk '{print $1, $2, $3}' | grep -v label
grep \<asset\ id ../config/sgsscfg.auwahi.xml | tr -d '	' | awk '{print $2, $4, $5, $6}' | sed 's/model="[a-z _ 0-9]*"//' | sed 's/nameplate[a-z]*="[0-9]*"//'| sed 's/\/>//' | awk '{print $1, $2, $3}'
grep \<asset\ id ../config/sgsscfg.auwahi.xml | tr -d '	' | awk '{print $2, $4, $5, $6}' | sed 's/model="[a-z _ 0-9]*"//' | sed 's/nameplate[a-z]*="[0-9]*"//'| sed 's/\/>//' | awk '{print $1, $2, $3}' | grep -f label
grep \<asset\ id ../config/sgsscfg.auwahi.xml | tr -d '	' | awk '{print $2, $4, $5, $6}' | sed 's/model="[a-z _ 0-9]*"//' | sed 's/nameplate[a-z]*="[0-9]*"//'| sed 's/\/>//' | awk '{print $1, $2, $3}' | grep -v label
grep \<asset\ id ../config/sgsscfg.auwahi.xml | tr -d '	' | awk '{print $2, $4, $5, $6}' | sed 's/model="[a-z]*"//'
grep \<asset\ id ../config/sgsscfg.auwahi.xml | tr -d '	' | awk '{print $2, $4, $5, $6}' | sed 's/model="\."//'
grep \<asset\ id ../config/sgsscfg.auwahi.xml | tr -d '	' | awk '{print $2, $4, $5, $6}' | sed 's/model=*//'
grep \<asset\ id ../config/sgsscfg.auwahi.xml | tr -d '	' | awk '{print $2, $4, $5, $6}' | sed 's/model=.*//'
grep \<asset\ id ../config/sgsscfg.auwahi.xml | tr -d '	' | awk '{print $2, $4, $5, $6}' | sed 's/model=//'
grep \<asset\ id ../config/sgsscfg.auwahi.xml | tr -d '	' | awk '{print $2, $4, $5, $6}' | sed 's/model=["abcdefghijklmnopqrstuvwxyz]//'
grep \<asset\ id ../config/sgsscfg.auwahi.xml | tr -d '	' | awk '{print $2, $4, $5, $6}' | sed 's/model=\"(a-z)*\"//'
grep \<asset\ id ../config/sgsscfg.auwahi.xml | tr -d '	' | awk '{print $2, $4, $5, $6}' | sed 's/model=\"*\"//'
grep \<asset\ id ../config/sgsscfg.auwahi.xml | tr -d '	' | awk '{print $2, $4, $5, $6}' | sed 's/model=\".+\"//'
grep \<asset\ id ../config/sgsscfg.auwahi.xml | tr -d '	' | awk '{print $2, $4, $5, $6}' | sed 's/model=\"//'
grep \<asset\ id ../config/sgsscfg.auwahi.xml | tr -d '	' | awk '{print $2, $4, $5, $6}' | sed 's/model=\"[a-z]\"//'
grep \<asset\ id ../config/sgsscfg.auwahi.xml | tr -d '	' | awk '{print $2, $4, $5, $6}' | sed 's/model=\"\"//'
grep \<asset\ id ../config/sgsscfg.auwahi.xml | tr -d '	' | awk '{print $2, $4, $5, $6}' | sed 's/model=\"\.\+\"//'
grep \<asset\ id ../config/sgsscfg.auwahi.xml | tr -d '	' | awk '{print $2, $4, $5, $6}' | sed 's/model=\"\.+\"//'
grep \<asset\ id ../config/sgsscfg.auwahi.xml | tr -d '	' | awk '{print $2, $4, $5, $6}' | sed 's/model=\"\[a-z\]\"//'
grep \<asset\ id ../config/sgsscfg.auwahi.xml | tr -d '	' | awk '{print $2, $4, $5, $6}' | sed 's/model=\"\[a-z]\"//'
grep \<asset\ id ../config/sgsscfg.auwahi.xml | tr -d '	' | awk '{print $2, $4, $5, $6}' | sed 's/model=\"\c+\"//'
grep \<asset\ id ../config/sgsscfg.auwahi.xml | tr -d '	' | awk '{print $2, $4, $5, $6}' | sed 's/model=\"bedelia\"//'
grep \<asset\ id ../config/sgsscfg.auwahi.xml | tr -d '	' | awk '{print $2, $4, $5, $6}' | sed 's/model=\"i(a-z)*\"//'
grep ^AlarmDefinition * | awk -F\& '{ print $1 }'
grep ^AlarmDefinition * | awk -F\& '{ print $2 }' | awk -F, '{ print $1 }' | sort -u | awk -F\) '{ print $1 }'
grep ^AlarmDefinition * | awk -F\& '{ print $2 }' | awk -F, '{ print $1 }' | sort -u
grep ^AlarmDefinition * | awk -F\& '{ print $2 }' | awk -F, '{ print $1 }'
grep ^AlarmDefinition * | awk -F\& '{ print $2 }' | awk -F\) '{ print $1 }' | sort -u
grep ^AlarmDefinition * | awk -F\& '{ print $2 }' | awk -F\) '{ print $1 }'
grep ^AlarmDefinition * | awk -F\& '{ print $2 }'
grep AssetProperty *.cc | sed 's/:/,/' awk -F, '{print $2, $3}'
grep AssetProperty *.cc | sed 's/;/,/' awk -F, '{print $2, $3}'
grep AssetProperty *.cc | sed 's/\:/,/' |  awk -F, '{asset=sprintf("%s", $1); property=sprintf("%s", $3)} {mess=$2; gsub(/AssetProperty/,"",mess); idtype=sprintf("%s", mess)} {print asset "\t" property "\t" idtype}'| sed 's/new //' | sed 's/(//' | sed 's/\ \+//g' > AssetPropertys.trimmed.out 
grep AssetProperty *.cc | sed 's/\:/,/' |  awk -F, '{asset=sprintf("%s", $1); property=sprintf("%s", $3)} {mess=$2; gsub(/AssetProperty/,"",mess); idtype=sprintf("%s", mess)} {print asset "\t" property "\t" idtype}'| sed 's/new //' | sed 's/(//' | sed 's/\s\+//g' > AssetPropertys.trimmed.out 
grep AssetProperty *.cc | sed 's/\:/,/' | sed 's/\s\+/ /g' | awk -F, '{asset=sprintf("%s", $1); property=sprintf("%s", $3)} {mess=$2; gsub(/AssetProperty/,"",mess); idtype=sprintf("%s", mess)} {print asset "\t" property "\t" idtype}'| sed 's/new //' | sed 's/(//'
grep AssetProperty *.cc | sed 's/\:/,/' | sed 's/\s\+/ /g' | awk -F, '{asset=sprintf("%s", $1); property=sprintf("%s", $3)} {mess=$2; gsub(/AssetProperty/,"",mess); idtype=sprintf("%s", mess)} {print asset "\t" property "\t" idtype}'| sed 's/new //' | sed 's/(//' | tr -s " "
grep AssetProperty *.cc | sed 's/\:/,/' | sed 's/\s\+/ /g' | awk -F, '{asset=sprintf("%s", $1); property=sprintf("%s", $3)} {mess=$2; gsub(/AssetProperty/,"",mess); idtype=sprintf("%s", mess)} {print asset "\t" property "\t" idtype}'| sed 's/new //' | sed 's/(//' > AssetPropertys.trimmed.out 
grep AssetProperty *.cc | sed 's/\:/,/' | sed 's/\s\+//g' | awk -F, '{asset=sprintf("%s", $1); property=sprintf("%s", $3)} {mess=$2; gsub(/AssetProperty/,"",mess); idtype=sprintf("%s", mess)} {print asset "\t" property "\t" idtype}'| sed 's/new //' | sed 's/(//'
grep AssetProperty *.cc | sed 's/\:/,/' | sed 's/\s\+//g' | awk -F, '{asset=sprintf("%s", $1); property=sprintf("%s", $3)} {mess=$2; gsub(/AssetProperty/,"",mess); idtype=sprintf("%s", mess)} {print asset "\t" property "\t" idtype}'| sed 's/new //' | sed 's/(//' > AssetPropertys.trimmed.out 
grep AssetProperty *.cc | sed 's/\:/,/' | sed 's/\s+/ /g' | awk -F, '{asset=sprintf("%s", $1); property=sprintf("%s", $3)} {mess=$2; gsub(/AssetProperty/,"",mess); idtype=sprintf("%s", mess)} {print asset "\t" property "\t" idtype}'| sed 's/new //' | sed 's/(//' | tr -s " "
grep AssetProperty *.cc | sed 's/\:/,/' | sed 's/\t//g' |  awk -F, '{asset=sprintf("%s", $1); property=sprintf("%s", $3)} {mess=$2; gsub(/AssetProperty/,"",mess); idtype=sprintf("%s", mess)} {print asset "\t" property "\t" idtype}'
grep AssetProperty *.cc | sed 's/\:/,/' | sed 's/\t//g' |  awk -F, '{asset=sprintf("%s", $1); property=sprintf("%s", $3)} {mess=$2; gsub(/AssetProperty/,"",mess); idtype=sprintf("%s", mess)} {print asset "\t" property "\t" idtype}'| sed 's/new //' | sed 's/(//' | sed 's/\ \+//g' > AssetPropertys.trimmed.out 
grep AssetProperty *.cc | sed 's/\:/,/' awk -F, '{print $2, $3}'
grep AssetProperty *.cc | sed 's/\:/,/'| | sed 's/\s+/ /g' | awk -F, '{asset=sprintf("%s", $1); property=sprintf("%s", $3)} {mess=$2; gsub(/AssetProperty/,"",mess); idtype=sprintf("%s", mess)} {print asset "\t" property "\t" idtype}'| sed 's/new //' | sed 's/(//' | tr -s " "
grep AssetProperty *.cc | sed 's/\:/,/'| awk -F, '{asset=sprintf("%s", $1); property=sprintf("%s", $3) mess=$2; gsub(/new/,"",mess); {print asset, property mess}' 
grep AssetProperty *.cc | sed 's/\:/,/'| awk -F, '{asset=sprintf("%s", $1); property=sprintf("%s", $3) mess=$2; gsub(/new/,"",mess); idtype=sprintf("%s", mess) {print asset, property idtype}' 
grep AssetProperty *.cc | sed 's/\:/,/'| awk -F, '{asset=sprintf("%s", $1); property=sprintf("%s", $3) mess=$2; gsub(/new/,"",mess); idtype=sprintf("%s", mess)} {print asset, property idtype}' 
grep AssetProperty *.cc | sed 's/\:/,/'| awk -F, '{asset=sprintf("%s", $1); property=sprintf("%s", $3)} {mess=$2; gensub(/(new) (AssetProperty)\(/,"",mess); idtype=sprintf("%s", mess)} {print asset, property idtype}' | grep AssetProperty
grep AssetProperty *.cc | sed 's/\:/,/'| awk -F, '{asset=sprintf("%s", $1); property=sprintf("%s", $3)} {mess=$2; gensub(/(new) AssetProperty\(/,"",1,mess); idtype=sprintf("%s", mess)} {print asset, property idtype}' | grep AssetProperty
grep AssetProperty *.cc | sed 's/\:/,/'| awk -F, '{asset=sprintf("%s", $1); property=sprintf("%s", $3)} {mess=$2; gensub(/(new) AssetProperty\(/,"",g,mess); idtype=sprintf("%s", mess)} {print asset, property idtype}' | grep AssetProperty
grep AssetProperty *.cc | sed 's/\:/,/'| awk -F, '{asset=sprintf("%s", $1); property=sprintf("%s", $3)} {mess=$2; gensub(/(new) AssetProperty\(/,"",global,mess); idtype=sprintf("%s", mess)} {print asset, property idtype}' | grep AssetProperty
grep AssetProperty *.cc | sed 's/\:/,/'| awk -F, '{asset=sprintf("%s", $1); property=sprintf("%s", $3)} {mess=$2; gensub(/new AssetProperty\(/,"",1,mess); idtype=sprintf("%s", mess)} {print asset, property idtype}' | grep AssetProperty
grep AssetProperty *.cc | sed 's/\:/,/'| awk -F, '{asset=sprintf("%s", $1); property=sprintf("%s", $3)} {mess=$2; gsub(/ AssetProperty/,"",mess); idtype=sprintf("%s", mess)} {print asset, property idtype}' | grep AssetProperty
grep AssetProperty *.cc | sed 's/\:/,/'| awk -F, '{asset=sprintf("%s", $1); property=sprintf("%s", $3)} {mess=$2; gsub(/ AssetProperty/,"",mess); idtype=sprintf("%s", mess)} {print asset, property, idtype}' | grep AssetProperty
grep AssetProperty *.cc | sed 's/\:/,/'| awk -F, '{asset=sprintf("%s", $1); property=sprintf("%s", $3)} {mess=$2; gsub(/( AssetProperty\()/,"",mess); idtype=sprintf("%s", mess)} {print asset, property idtype}' | grep AssetProperty
grep AssetProperty *.cc | sed 's/\:/,/'| awk -F, '{asset=sprintf("%s", $1); property=sprintf("%s", $3)} {mess=$2; gsub(/(AssetProperty\()/,"",mess); idtype=sprintf("%s", mess)} {print asset, property idtype}' | grep AssetProperty
grep AssetProperty *.cc | sed 's/\:/,/'| awk -F, '{asset=sprintf("%s", $1); property=sprintf("%s", $3)} {mess=$2; gsub(/(new ) (AssetProperty\()/,"",mess); idtype=sprintf("%s", mess)} {print asset, property idtype}' | grep AssetProperty
grep AssetProperty *.cc | sed 's/\:/,/'| awk -F, '{asset=sprintf("%s", $1); property=sprintf("%s", $3)} {mess=$2; gsub(/(new AssetProperty) | (AssetProperty)/,"",mess); idtype=sprintf("%s", mess)} {print asset, property idtype}' | grep AssetProperty
grep AssetProperty *.cc | sed 's/\:/,/'| awk -F, '{asset=sprintf("%s", $1); property=sprintf("%s", $3)} {mess=$2; gsub(/(new AssetProperty\(),(AssetProperty\()/,"",mess); idtype=sprintf("%s", mess)} {print asset, property idtype}' | grep AssetProperty
grep AssetProperty *.cc | sed 's/\:/,/'| awk -F, '{asset=sprintf("%s", $1); property=sprintf("%s", $3)} {mess=$2; gsub(/(new AssetProperty\()/,"",mess); idtype=sprintf("%s", mess)} {print asset, property idtype}' | grep AssetProperty
grep AssetProperty *.cc | sed 's/\:/,/'| awk -F, '{asset=sprintf("%s", $1); property=sprintf("%s", $3)} {mess=$2; gsub(/(new AssetProperty\()|(AssetProperty\()/,"",mess); idtype=sprintf("%s", mess)} {print asset, property idtype}' | grep AssetProperty
grep AssetProperty *.cc | sed 's/\:/,/'| awk -F, '{asset=sprintf("%s", $1); property=sprintf("%s", $3)} {mess=$2; gsub(/(new) AssetProperty/,"",mess); idtype=sprintf("%s", mess)} {print asset, property idtype}' | grep AssetProperty
grep AssetProperty *.cc | sed 's/\:/,/'| awk -F, '{asset=sprintf("%s", $1); property=sprintf("%s", $3)} {mess=$2; gsub(/(new) AssetProperty\(/,"",mess); idtype=sprintf("%s", mess)} {print asset, property idtype}'
grep AssetProperty *.cc | sed 's/\:/,/'| awk -F, '{asset=sprintf("%s", $1); property=sprintf("%s", $3)} {mess=$2; gsub(/(new) AssetProperty\(/,"",mess); idtype=sprintf("%s", mess)} {print asset, property idtype}' | grep AssetProperty
grep AssetProperty *.cc | sed 's/\:/,/'| awk -F, '{asset=sprintf("%s", $1); property=sprintf("%s", $3)} {mess=$2; gsub(/(new, ) (AssetProperty\()/,"",mess); idtype=sprintf("%s", mess)} {print asset, property idtype}' | grep AssetProperty
grep AssetProperty *.cc | sed 's/\:/,/'| awk -F, '{asset=sprintf("%s", $1); property=sprintf("%s", $3)} {mess=$2; gsub(/*AssetProperty/,"",mess); idtype=sprintf("%s", mess)} {print asset, property, idtype}' | grep AssetProperty
grep AssetProperty *.cc | sed 's/\:/,/'| awk -F, '{asset=sprintf("%s", $1); property=sprintf("%s", $3)} {mess=$2; gsub(/.AssetProperty/,"",mess); idtype=sprintf("%s", mess)} {print asset, property, idtype}' | grep AssetProperty
grep AssetProperty *.cc | sed 's/\:/,/'| awk -F, '{asset=sprintf("%s", $1); property=sprintf("%s", $3)} {mess=$2; gsub(/\(new) AssetProperty\(/,"",mess); idtype=sprintf("%s", mess)} {print asset, property idtype}'
grep AssetProperty *.cc | sed 's/\:/,/'| awk -F, '{asset=sprintf("%s", $1); property=sprintf("%s", $3)} {mess=$2; gsub(/\(new|) AssetProperty\(/,"",mess); idtype=sprintf("%s", mess)} {print asset, property idtype}'
grep AssetProperty *.cc | sed 's/\:/,/'| awk -F, '{asset=sprintf("%s", $1); property=sprintf("%s", $3)} {mess=$2; gsub(/^AssetProperty/,"",mess); idtype=sprintf("%s", mess)} {print asset, property idtype}' | grep AssetProperty
grep AssetProperty *.cc | sed 's/\:/,/'| awk -F, '{asset=sprintf("%s", $1); property=sprintf("%s", $3)} {mess=$2; gsub(/AssetProperty/,"",mess); idtype=sprintf("%s", mess)} {print asset "\t" property "\t" idtype}'| sed 's/new //' | sed 's/(//' | tr -s " "
grep AssetProperty *.cc | sed 's/\:/,/'| awk -F, '{asset=sprintf("%s", $1); property=sprintf("%s", $3)} {mess=$2; gsub(/AssetProperty/,"",mess); idtype=sprintf("%s", mess)} {print asset "\t" property "\t" idtype}'| sed 's/new //' | sed 's/(//' | tr -s " " > AssetPropertys.trimmed.out 
grep AssetProperty *.cc | sed 's/\:/,/'| awk -F, '{asset=sprintf("%s", $1); property=sprintf("%s", $3)} {mess=$2; gsub(/AssetProperty/,"",mess); idtype=sprintf("%s", mess)} {print asset, property idtype}' 
grep AssetProperty *.cc | sed 's/\:/,/'| awk -F, '{asset=sprintf("%s", $1); property=sprintf("%s", $3)} {mess=$2; gsub(/AssetProperty/,"",mess); idtype=sprintf("%s", mess)} {print asset, property idtype}' | grep AssetProperty
grep AssetProperty *.cc | sed 's/\:/,/'| awk -F, '{asset=sprintf("%s", $1); property=sprintf("%s", $3)} {mess=$2; gsub(/AssetProperty/,"",mess); idtype=sprintf("%s", mess)} {print asset, property, idtype}'| sed 's/new //'
grep AssetProperty *.cc | sed 's/\:/,/'| awk -F, '{asset=sprintf("%s", $1); property=sprintf("%s", $3)} {mess=$2; gsub(/AssetProperty/,"",mess); idtype=sprintf("%s", mess)} {print asset, property, idtype}'| sed 's/new //' | sed 's/(//'
grep AssetProperty *.cc | sed 's/\:/,/'| awk -F, '{asset=sprintf("%s", $1); property=sprintf("%s", $3)} {mess=$2; gsub(/AssetProperty/,"",mess); idtype=sprintf("%s", mess)} {print asset, property, idtype}'| sed 's/new //' | sed 's/(//' | tr -s " "
grep AssetProperty *.cc | sed 's/\:/,/'| awk -F, '{asset=sprintf("%s", $1); property=sprintf("%s", $3)} {mess=$2; gsub(/AssetProperty/,"",mess); idtype=sprintf("%s", mess)} {print asset, property, idtype}'| sed 's/new //' | sed 's/)//'
grep AssetProperty *.cc | sed 's/\:/,/'| awk -F, '{asset=sprintf("%s", $1); property=sprintf("%s", $3)} {mess=$2; gsub(/AssetProperty/,"FOOBARSKI",mess); idtype=sprintf("%s", mess)} {print asset, property, idtype}' 
grep AssetProperty *.cc | sed 's/\:/,/'| awk -F, '{asset=sprintf("%s", $1); property=sprintf("%s", $3)} {mess=$2; gsub(/AssetProperty/,"FOOBARSKI",mess); idtype=sprintf("%s", mess)} {print asset, property, idtype}'  | grep -v FOOBARSKI
grep AssetProperty *.cc | sed 's/\:/,/'| awk -F, '{asset=sprintf("%s", $1); property=sprintf("%s", $3)} {mess=$2; gsub(/AssetProperty\(/,"",mess); idtype=sprintf("%s", mess)} {print asset, property idtype}' 
grep AssetProperty *.cc | sed 's/\:/,/'| awk -F, '{asset=sprintf("%s", $1); property=sprintf("%s", $3)} {mess=$2; gsub(/AssetProperty\(/,"",mess); idtype=sprintf("%s", mess)} {print asset, property idtype}' | grep AssetProperty
grep AssetProperty *.cc | sed 's/\:/,/'| awk -F, '{asset=sprintf("%s", $1); property=sprintf("%s", $3)} {mess=$2; gsub(/new (AssetProperty\()/,"",mess); idtype=sprintf("%s", mess)} {print asset, property idtype}' | grep AssetProperty
grep AssetProperty *.cc | sed 's/\:/,/'| awk -F, '{asset=sprintf("%s", $1); property=sprintf("%s", $3)} {mess=$2; gsub(/new AssetProperty/,"",mess); idtype=sprintf("%s", mess)} {print asset, property idtype}' | grep AssetProperty
grep AssetProperty *.cc | sed 's/\:/,/'| awk -F, '{asset=sprintf("%s", $1); property=sprintf("%s", $3)} {mess=$2; gsub(/new AssetProperty/,"",mess); idtype=sprintf("%s", mess)} {print asset, property, idtype}' | grep AssetProperty
grep AssetProperty *.cc | sed 's/\:/,/'| awk -F, '{asset=sprintf("%s", $1); property=sprintf("%s", $3)} {mess=$2; gsub(/new AssetProperty/,"FOOBARSKI",mess); idtype=sprintf("%s", mess)} {print asset, property, idtype}' 
grep AssetProperty *.cc | sed 's/\:/,/'| awk -F, '{asset=sprintf("%s", $1); property=sprintf("%s", $3)} {mess=$2; gsub(/new AssetProperty\(/,"",mess); idtype=sprintf("%s", mess)} {print asset, property idtype}'
grep AssetProperty *.cc | sed 's/\:/,/'| awk -F, '{asset=sprintf("%s", $1); property=sprintf("%s", $3)} {mess=$2; gsub(/new AssetProperty\(/,"",mess); idtype=sprintf("%s", mess)} {print asset, property idtype}' 
grep AssetProperty *.cc | sed 's/\:/,/'| awk -F, '{asset=sprintf("%s", $1); property=sprintf("%s", $3)} {mess=$2; gsub(/new AssetProperty\(/,"",mess); idtype=sprintf("%s", mess)} {print asset, property idtype}' | grep AssetProperty
grep AssetProperty *.cc | sed 's/\:/,/'| awk -F, '{asset=sprintf("%s", $1); property=sprintf("%s", $3)} {mess=$2; gsub(/new/,"",mess); idtype=sprintf("%s", mess)} {print asset, property idtype}' 
grep AssetProperty *.cc | sed 's/\:/,/'| awk -F, '{asset=sprintf("%s", $1); property=sprintf("%s", $3)} {mess=$2; gsub(new AssetProperty,"",mess); idtype=sprintf("%s", mess)} {print asset, property, idtype}' 
grep AssetProperty *.cc | sed 's/\:/,/'| awk -F, '{asset=sprintf("%s", $1); property=sprintf("%s", $3)} {mess=$2; gsub(new AssetProperty,"",mess); idtype=sprintf("%s", mess)} {print asset, property, idtype}' | grep AssetProperty
grep AssetProperty *.cc | sed 's/\:/,/'| awk -F, '{asset=sprintf("%s", $1); property=sprintf("%s", $3)} {print $2, asset, property}' 
grep AssetProperty *.cc | sed 's/\:/,/'| awk -F, '{asset=sprintf("%s", $1); property=sprintf("%s", $3)} {print asset, property $2}' 
grep AssetProperty *.cc | sed 's/\:/,/'| awk -F, '{asset=sprintf("%s", $1); property=sprintf("%s", $3)} {print asset, property $2}' | tr -d "	"
grep AssetProperty *.cc | sed 's/\:/,/'| awk -F, '{asset=sprintf("%s", $1); property=sprintf("%s", $3)} {print asset, property, $2}' | tr -d "	"
grep AssetProperty *.cc | sed 's/\:/,/'| awk -F, '{asset=sprintf("%s", $1); property=sprintf("%s", $3)} {print asset, property, $2}' | tr -d "	" > AssetPropertys.trimmed.out 
grep AssetProperty *.cc | sed 's/\:/,/'| awk -F, '{asset=sprintf("%s", $1); property=sprintf("%s", $3)} {print asset, property}' 
grep AssetProperty *.cc | sed 's/\:/,/'| awk -F, '{print $1, $2, $3}' 
grep AssetProperty *.cc | sed 's/\:/,/'| awk -F, '{print $1, $3}'
grep AssetProperty *.cc | sed 's/\:/,/'| awk -F, '{print $1, $3}' 
grep AssetProperty *.cc | sed 's/\:/,/'| awk -F, '{print $1, $3}' > AssetPropertys.trimmed.out
grep AssetProperty *.cc | sed 's/\:/,/'| awk -F, '{print $2, $3}'
grep -rn "^AlarmDefinition " * > ~/226AlarmDefinitions.out
grep -rn "^AlarmDefinition " * > ~/230AlarmDefinitions.out
multitail -e us-stl-dev-moxa2 /var/log/messages -e us-stl-test-moxa2 /var/log/messages
sed -ir  '/controlzone/{s/(controlassetid="[0-9]{5}") (id="[0-9]{6}")/\2 \1/;p}' sgsscfg.auwahi.xml 
sed -nir  '/controlzone/{s/(controlassetid="[0-9]{5}") (id="[0-9]{6}")/\2 \1/;p}' sgsscfg.auwahi.xml 
sed -nr  '/controlzone/{s/(controlassetid="[0-9]{5}") (id="[0-9]{6}")/\2 \1/;p}' sgsscfg.auwahi.xml 
sed -r  '/controlzone/{s/(controlassetid="[0-9]{5}") (id="[0-9]{6}")/\2 \1/;p}' sgsscfg.auwahi.xml 
sed -r  '/controlzone/{s/(controlassetid="[0-9]{5}") (id="[0-9]{6}")/\2 \1/}' sgsscfg.auwahi.xml 
sed -ri  '/controlzone/{s/(controlassetid="[0-9]{5}") (id="[0-9]{6}")/\2 \1/}' sgsscfg.auwahi.xml 
sed -rn  '/controlzone/{s/(controlassetid="[0-9]{5}") (id="[0-9]{6}")/\2 \1/;p}' sgsscfg.auwahi.xml 
sed -nr  '/controlzone/{s/(controlassetid="[0-9]{5}") (id="[0-9]{6}")/\2 \1/;p}' sgsscfg.auwahi.xml.sedtest
